<?xml version="1.0" encoding="UTF-8" standalone="no"?>
<!DOCTYPE log SYSTEM "logger.dtd">
<log>
<record>
  <date>2021-10-12T19:52:53</date>
  <millis>1634082773350</millis>
  <sequence>2</sequence>
  <logger>Kirkland</logger>
  <level>INFO</level>
  <class>Server.DRRSServer</class>
  <method>&lt;init&gt;</method>
  <thread>1</thread>
  <message>Kirkland Server created</message>
</record>
</log>
<?xml version="1.0" encoding="UTF-8" standalone="no"?>
<!DOCTYPE log SYSTEM "logger.dtd">
<log>
<record>
  <date>2021-10-12T20:02:15</date>
  <millis>1634083335997</millis>
  <sequence>2</sequence>
  <logger>Kirkland</logger>
  <level>INFO</level>
  <class>Server.DRRSServer</class>
  <method>&lt;init&gt;</method>
  <thread>1</thread>
  <message>Kirkland Server created</message>
</record>
</log>
<?xml version="1.0" encoding="UTF-8" standalone="no"?>
<!DOCTYPE log SYSTEM "logger.dtd">
<log>
<record>
  <date>2021-10-12T20:03:08</date>
  <millis>1634083388621</millis>
  <sequence>2</sequence>
  <logger>Kirkland</logger>
  <level>INFO</level>
  <class>Server.DRRSServer</class>
  <method>&lt;init&gt;</method>
  <thread>1</thread>
  <message>Kirkland Server created</message>
</record>
</log>
<?xml version="1.0" encoding="UTF-8" standalone="no"?>
<!DOCTYPE log SYSTEM "logger.dtd">
<log>
<record>
  <date>2021-10-12T21:21:02</date>
  <millis>1634088062296</millis>
  <sequence>2</sequence>
  <logger>Kirkland</logger>
  <level>INFO</level>
  <class>Server.DRRSServer</class>
  <method>&lt;init&gt;</method>
  <thread>1</thread>
  <message>Kirkland Server created</message>
</record>
</log>
<?xml version="1.0" encoding="UTF-8" standalone="no"?>
<!DOCTYPE log SYSTEM "logger.dtd">
<log>
<record>
  <date>2021-10-12T21:23:17</date>
  <millis>1634088197671</millis>
  <sequence>2</sequence>
  <logger>Kirkland</logger>
  <level>INFO</level>
  <class>Server.DRRSServer</class>
  <method>&lt;init&gt;</method>
  <thread>1</thread>
  <message>Kirkland Server created</message>
</record>
</log>
<?xml version="1.0" encoding="UTF-8" standalone="no"?>
<!DOCTYPE log SYSTEM "logger.dtd">
<log>
<record>
  <date>2021-10-12T21:28:38</date>
  <millis>1634088518396</millis>
  <sequence>2</sequence>
  <logger>Kirkland</logger>
  <level>INFO</level>
  <class>Server.DRRSServer</class>
  <method>&lt;init&gt;</method>
  <thread>1</thread>
  <message>Kirkland Server created</message>
</record>
</log>
<?xml version="1.0" encoding="UTF-8" standalone="no"?>
<!DOCTYPE log SYSTEM "logger.dtd">
<log>
<record>
  <date>2021-10-17T15:43:27</date>
  <millis>1634499807739</millis>
  <sequence>2</sequence>
  <logger>Kirkland</logger>
  <level>INFO</level>
  <class>Server.DRRSServer</class>
  <method>&lt;init&gt;</method>
  <thread>1</thread>
  <message>Kirkland Server created</message>
</record>
</log>
<?xml version="1.0" encoding="UTF-8" standalone="no"?>
<!DOCTYPE log SYSTEM "logger.dtd">
<log>
<record>
  <date>2021-10-17T15:44:22</date>
  <millis>1634499862464</millis>
  <sequence>2</sequence>
  <logger>Kirkland</logger>
  <level>INFO</level>
  <class>Server.DRRSServer</class>
  <method>&lt;init&gt;</method>
  <thread>1</thread>
  <message>Kirkland Server created</message>
</record>
</log>
<?xml version="1.0" encoding="UTF-8" standalone="no"?>
<!DOCTYPE log SYSTEM "logger.dtd">
<log>
<record>
  <date>2021-10-17T15:53:00</date>
  <millis>1634500380342</millis>
  <sequence>2</sequence>
  <logger>Kirkland</logger>
  <level>INFO</level>
  <class>Server.DRRSServer</class>
  <method>&lt;init&gt;</method>
  <thread>1</thread>
  <message>Kirkland Server created</message>
</record>
</log>
<?xml version="1.0" encoding="UTF-8" standalone="no"?>
<!DOCTYPE log SYSTEM "logger.dtd">
<log>
<record>
  <date>2021-10-17T15:54:13</date>
  <millis>1634500453006</millis>
  <sequence>2</sequence>
  <logger>Kirkland</logger>
  <level>INFO</level>
  <class>Server.DRRSServer</class>
  <method>&lt;init&gt;</method>
  <thread>1</thread>
  <message>Kirkland Server created</message>
</record>
</log>
<?xml version="1.0" encoding="UTF-8" standalone="no"?>
<!DOCTYPE log SYSTEM "logger.dtd">
<log>
<record>
  <date>2021-10-17T16:22:25</date>
  <millis>1634502145137</millis>
  <sequence>2</sequence>
  <logger>Kirkland</logger>
  <level>INFO</level>
  <class>Server.DRRSServer</class>
  <method>&lt;init&gt;</method>
  <thread>1</thread>
  <message>Kirkland Server created</message>
</record>
</log>
<?xml version="1.0" encoding="UTF-8" standalone="no"?>
<!DOCTYPE log SYSTEM "logger.dtd">
<log>
<record>
  <date>2021-10-17T16:23:12</date>
  <millis>1634502192527</millis>
  <sequence>2</sequence>
  <logger>Kirkland</logger>
  <level>INFO</level>
  <class>Server.DRRSServer</class>
  <method>&lt;init&gt;</method>
  <thread>1</thread>
  <message>Kirkland Server created</message>
</record>
</log>
<?xml version="1.0" encoding="UTF-8" standalone="no"?>
<!DOCTYPE log SYSTEM "logger.dtd">
<log>
<record>
  <date>2021-10-17T16:27:33</date>
  <millis>1634502453730</millis>
  <sequence>2</sequence>
  <logger>Kirkland</logger>
  <level>INFO</level>
  <class>Server.DRRSServer</class>
  <method>&lt;init&gt;</method>
  <thread>1</thread>
  <message>Kirkland Server created</message>
</record>
</log>
<?xml version="1.0" encoding="UTF-8" standalone="no"?>
<!DOCTYPE log SYSTEM "logger.dtd">
<log>
<record>
  <date>2021-10-17T16:28:39</date>
  <millis>1634502519664</millis>
  <sequence>2</sequence>
  <logger>Kirkland</logger>
  <level>INFO</level>
  <class>Server.DRRSServer</class>
  <method>&lt;init&gt;</method>
  <thread>1</thread>
  <message>Kirkland Server created</message>
</record>
</log>
<?xml version="1.0" encoding="UTF-8" standalone="no"?>
<!DOCTYPE log SYSTEM "logger.dtd">
<log>
<record>
  <date>2021-10-17T16:30:48</date>
  <millis>1634502648986</millis>
  <sequence>2</sequence>
  <logger>Kirkland</logger>
  <level>INFO</level>
  <class>Server.DRRSServer</class>
  <method>&lt;init&gt;</method>
  <thread>1</thread>
  <message>Kirkland Server created</message>
</record>
</log>
<?xml version="1.0" encoding="UTF-8" standalone="no"?>
<!DOCTYPE log SYSTEM "logger.dtd">
<log>
<record>
  <date>2021-10-17T16:34:17</date>
  <millis>1634502857903</millis>
  <sequence>2</sequence>
  <logger>Kirkland</logger>
  <level>INFO</level>
  <class>Server.DRRSServer</class>
  <method>&lt;init&gt;</method>
  <thread>1</thread>
  <message>Kirkland Server created</message>
</record>
</log>
<?xml version="1.0" encoding="UTF-8" standalone="no"?>
<!DOCTYPE log SYSTEM "logger.dtd">
<log>
<record>
  <date>2021-10-17T16:40:41</date>
  <millis>1634503241249</millis>
  <sequence>2</sequence>
  <logger>Kirkland</logger>
  <level>INFO</level>
  <class>Server.DRRSServer</class>
  <method>&lt;init&gt;</method>
  <thread>1</thread>
  <message>Kirkland Server created</message>
</record>
</log>
<?xml version="1.0" encoding="UTF-8" standalone="no"?>
<!DOCTYPE log SYSTEM "logger.dtd">
<log>
<record>
  <date>2021-10-17T21:27:49</date>
  <millis>1634520469616</millis>
  <sequence>2</sequence>
  <logger>Kirkland</logger>
  <level>INFO</level>
  <class>Server.DRRSServer</class>
  <method>&lt;init&gt;</method>
  <thread>1</thread>
  <message>Kirkland Server created</message>
</record>
</log>
<?xml version="1.0" encoding="UTF-8" standalone="no"?>
<!DOCTYPE log SYSTEM "logger.dtd">
<log>
<record>
  <date>2021-10-17T21:28:24</date>
  <millis>1634520504461</millis>
  <sequence>2</sequence>
  <logger>Kirkland</logger>
  <level>INFO</level>
  <class>Server.DRRSServer</class>
  <method>&lt;init&gt;</method>
  <thread>1</thread>
  <message>Kirkland Server created</message>
</record>
</log>
<?xml version="1.0" encoding="UTF-8" standalone="no"?>
<!DOCTYPE log SYSTEM "logger.dtd">
<log>
<record>
  <date>2021-10-17T21:28:34</date>
  <millis>1634520514773</millis>
  <sequence>2</sequence>
  <logger>Kirkland</logger>
  <level>INFO</level>
  <class>Server.DRRSServer</class>
  <method>&lt;init&gt;</method>
  <thread>1</thread>
  <message>Kirkland Server created</message>
</record>
</log>
<?xml version="1.0" encoding="UTF-8" standalone="no"?>
<!DOCTYPE log SYSTEM "logger.dtd">
<log>
<record>
  <date>2021-10-17T21:30:22</date>
  <millis>1634520622918</millis>
  <sequence>2</sequence>
  <logger>Kirkland</logger>
  <level>INFO</level>
  <class>Server.DRRSServer</class>
  <method>&lt;init&gt;</method>
  <thread>1</thread>
  <message>Kirkland Server created</message>
</record>
</log>
<?xml version="1.0" encoding="UTF-8" standalone="no"?>
<!DOCTYPE log SYSTEM "logger.dtd">
<log>
<record>
  <date>2021-10-17T21:39:16</date>
  <millis>1634521156854</millis>
  <sequence>2</sequence>
  <logger>Kirkland</logger>
  <level>INFO</level>
  <class>Server.DRRSServer</class>
  <method>&lt;init&gt;</method>
  <thread>1</thread>
  <message>Kirkland Server created</message>
</record>
</log>
<?xml version="1.0" encoding="UTF-8" standalone="no"?>
<!DOCTYPE log SYSTEM "logger.dtd">
<log>
<record>
  <date>2021-10-17T21:39:37</date>
  <millis>1634521177439</millis>
  <sequence>2</sequence>
  <logger>Kirkland</logger>
  <level>INFO</level>
  <class>Server.DRRSServer</class>
  <method>&lt;init&gt;</method>
  <thread>1</thread>
  <message>Kirkland Server created</message>
</record>
</log>
<?xml version="1.0" encoding="UTF-8" standalone="no"?>
<!DOCTYPE log SYSTEM "logger.dtd">
<log>
<record>
  <date>2021-10-17T21:49:08</date>
  <millis>1634521748592</millis>
  <sequence>2</sequence>
  <logger>Kirkland</logger>
  <level>INFO</level>
  <class>Server.DRRSServer</class>
  <method>&lt;init&gt;</method>
  <thread>1</thread>
  <message>Kirkland Server created</message>
</record>
</log>
<?xml version="1.0" encoding="UTF-8" standalone="no"?>
<!DOCTYPE log SYSTEM "logger.dtd">
<log>
<record>
  <date>2021-10-17T21:49:48</date>
  <millis>1634521788852</millis>
  <sequence>2</sequence>
  <logger>Kirkland</logger>
  <level>INFO</level>
  <class>Server.DRRSServer</class>
  <method>&lt;init&gt;</method>
  <thread>1</thread>
  <message>Kirkland Server created</message>
</record>
</log>
<?xml version="1.0" encoding="UTF-8" standalone="no"?>
<!DOCTYPE log SYSTEM "logger.dtd">
<log>
<record>
  <date>2021-10-17T22:13:48</date>
  <millis>1634523228284</millis>
  <sequence>2</sequence>
  <logger>Kirkland</logger>
  <level>INFO</level>
  <class>Server.DRRSServer</class>
  <method>&lt;init&gt;</method>
  <thread>1</thread>
  <message>Kirkland Server created</message>
</record>
</log>
<?xml version="1.0" encoding="UTF-8" standalone="no"?>
<!DOCTYPE log SYSTEM "logger.dtd">
<log>
<record>
  <date>2021-10-17T22:42:05</date>
  <millis>1634524925441</millis>
  <sequence>2</sequence>
  <logger>Kirkland</logger>
  <level>INFO</level>
  <class>Server.DRRSServer</class>
  <method>&lt;init&gt;</method>
  <thread>11</thread>
  <message>Kirkland Server created</message>
</record>
<record>
  <date>2021-10-17T22:43:30</date>
  <millis>1634525010009</millis>
  <sequence>17</sequence>
  <logger>Kirkland</logger>
  <level>INFO</level>
  <class>Server.DRRSServer</class>
  <method>bookRoom</method>
  <thread>14</thread>
  <message>Room booked: 001
	Date: 12/02/2021
	Student ID: KKLS1234
	Booking ID: 38959
	SUCCESS</message>
</record>
<record>
  <date>2021-10-17T22:43:34</date>
  <millis>1634525014944</millis>
  <sequence>18</sequence>
  <logger>Kirkland</logger>
  <level>INFO</level>
  <class>Server.DRRSServer</class>
  <method>cancelBooking</method>
  <thread>14</thread>
  <message>Booking cancellation: 
	Student ID: KKLS1234
	Booking ID: 38959
	SUCCESS</message>
</record>
</log>
<?xml version="1.0" encoding="UTF-8" standalone="no"?>
<!DOCTYPE log SYSTEM "logger.dtd">
<log>
<record>
  <date>2021-10-19T00:21:41</date>
  <millis>1634617301986</millis>
  <sequence>2</sequence>
  <logger>Kirkland</logger>
  <level>INFO</level>
  <class>Server.DRRSServer</class>
  <method>&lt;init&gt;</method>
  <thread>11</thread>
  <message>Kirkland Server created</message>
</record>
</log>
<?xml version="1.0" encoding="UTF-8" standalone="no"?>
<!DOCTYPE log SYSTEM "logger.dtd">
<log>
<record>
  <date>2021-10-19T00:21:56</date>
  <millis>1634617316597</millis>
  <sequence>2</sequence>
  <logger>Kirkland</logger>
  <level>INFO</level>
  <class>Server.DRRSServer</class>
  <method>&lt;init&gt;</method>
  <thread>11</thread>
  <message>Kirkland Server created</message>
</record>
</log>
<?xml version="1.0" encoding="UTF-8" standalone="no"?>
<!DOCTYPE log SYSTEM "logger.dtd">
<log>
<record>
  <date>2021-10-19T00:28:05</date>
  <millis>1634617685369</millis>
  <sequence>2</sequence>
  <logger>Kirkland</logger>
  <level>INFO</level>
  <class>Server.DRRSServer</class>
  <method>&lt;init&gt;</method>
  <thread>11</thread>
  <message>Kirkland Server created</message>
</record>
</log>
<?xml version="1.0" encoding="UTF-8" standalone="no"?>
<!DOCTYPE log SYSTEM "logger.dtd">
<log>
<record>
  <date>2021-10-19T00:29:48</date>
  <millis>1634617788672</millis>
  <sequence>2</sequence>
  <logger>Kirkland</logger>
  <level>INFO</level>
  <class>Server.DRRSServer</class>
  <method>&lt;init&gt;</method>
  <thread>11</thread>
  <message>Kirkland Server created</message>
</record>
</log>
<?xml version="1.0" encoding="UTF-8" standalone="no"?>
<!DOCTYPE log SYSTEM "logger.dtd">
<log>
<record>
  <date>2021-10-19T00:34:37</date>
  <millis>1634618077940</millis>
  <sequence>2</sequence>
  <logger>Kirkland</logger>
  <level>INFO</level>
  <class>Server.DRRSServer</class>
  <method>&lt;init&gt;</method>
  <thread>11</thread>
  <message>Kirkland Server created</message>
</record>
</log>
<?xml version="1.0" encoding="UTF-8" standalone="no"?>
<!DOCTYPE log SYSTEM "logger.dtd">
<log>
<record>
  <date>2021-10-19T00:36:19</date>
  <millis>1634618179879</millis>
  <sequence>2</sequence>
  <logger>Kirkland</logger>
  <level>INFO</level>
  <class>Server.DRRSServer</class>
  <method>&lt;init&gt;</method>
  <thread>11</thread>
  <message>Kirkland Server created</message>
</record>
</log>
<?xml version="1.0" encoding="UTF-8" standalone="no"?>
<!DOCTYPE log SYSTEM "logger.dtd">
<log>
<record>
  <date>2021-10-19T00:39:22</date>
  <millis>1634618362647</millis>
  <sequence>2</sequence>
  <logger>Kirkland</logger>
  <level>INFO</level>
  <class>Server.DRRSServer</class>
  <method>&lt;init&gt;</method>
  <thread>11</thread>
  <message>Kirkland Server created</message>
</record>
</log>
<?xml version="1.0" encoding="UTF-8" standalone="no"?>
<!DOCTYPE log SYSTEM "logger.dtd">
<log>
<record>
  <date>2021-10-19T00:40:30</date>
  <millis>1634618430748</millis>
  <sequence>2</sequence>
  <logger>Kirkland</logger>
  <level>INFO</level>
  <class>Server.DRRSServer</class>
  <method>&lt;init&gt;</method>
  <thread>11</thread>
  <message>Kirkland Server created</message>
</record>
</log>
<?xml version="1.0" encoding="UTF-8" standalone="no"?>
<!DOCTYPE log SYSTEM "logger.dtd">
<log>
<record>
  <date>2021-10-19T00:41:24</date>
  <millis>1634618484044</millis>
  <sequence>2</sequence>
  <logger>Kirkland</logger>
  <level>INFO</level>
  <class>Server.DRRSServer</class>
  <method>&lt;init&gt;</method>
  <thread>11</thread>
  <message>Kirkland Server created</message>
</record>
</log>
<?xml version="1.0" encoding="UTF-8" standalone="no"?>
<!DOCTYPE log SYSTEM "logger.dtd">
<log>
<record>
  <date>2021-10-19T00:47:15</date>
  <millis>1634618835499</millis>
  <sequence>2</sequence>
  <logger>Kirkland</logger>
  <level>INFO</level>
  <class>Server.DRRSServer</class>
  <method>&lt;init&gt;</method>
  <thread>11</thread>
  <message>Kirkland Server created</message>
</record>
</log>
<?xml version="1.0" encoding="UTF-8" standalone="no"?>
<!DOCTYPE log SYSTEM "logger.dtd">
<log>
<record>
  <date>2021-10-19T14:29:18</date>
  <millis>1634668158081</millis>
  <sequence>2</sequence>
  <logger>Kirkland</logger>
  <level>INFO</level>
  <class>Server.DRRSServer</class>
  <method>&lt;init&gt;</method>
  <thread>11</thread>
  <message>Kirkland Server created</message>
</record>
</log>
<?xml version="1.0" encoding="UTF-8" standalone="no"?>
<!DOCTYPE log SYSTEM "logger.dtd">
<log>
<record>
  <date>2021-10-19T14:34:07</date>
  <millis>1634668447215</millis>
  <sequence>2</sequence>
  <logger>Kirkland</logger>
  <level>INFO</level>
  <class>Server.DRRSServer</class>
  <method>&lt;init&gt;</method>
  <thread>11</thread>
  <message>Kirkland Server created</message>
</record>
</log>
<?xml version="1.0" encoding="UTF-8" standalone="no"?>
<!DOCTYPE log SYSTEM "logger.dtd">
<log>
<record>
  <date>2021-10-19T14:39:20</date>
  <millis>1634668760129</millis>
  <sequence>2</sequence>
  <logger>Kirkland</logger>
  <level>INFO</level>
  <class>Server.DRRSServer</class>
  <method>&lt;init&gt;</method>
  <thread>11</thread>
  <message>Kirkland Server created</message>
</record>
</log>
<?xml version="1.0" encoding="UTF-8" standalone="no"?>
<!DOCTYPE log SYSTEM "logger.dtd">
<log>
<record>
  <date>2021-10-19T14:41:40</date>
  <millis>1634668900563</millis>
  <sequence>2</sequence>
  <logger>Kirkland</logger>
  <level>INFO</level>
  <class>Server.DRRSServer</class>
  <method>&lt;init&gt;</method>
  <thread>11</thread>
  <message>Kirkland Server created</message>
</record>
</log>
<?xml version="1.0" encoding="UTF-8" standalone="no"?>
<!DOCTYPE log SYSTEM "logger.dtd">
<log>
<record>
  <date>2021-10-19T14:47:24</date>
  <millis>1634669244442</millis>
  <sequence>2</sequence>
  <logger>Kirkland</logger>
  <level>INFO</level>
  <class>Server.DRRSServer</class>
  <method>&lt;init&gt;</method>
  <thread>11</thread>
  <message>Kirkland Server created</message>
</record>
</log>
<?xml version="1.0" encoding="UTF-8" standalone="no"?>
<!DOCTYPE log SYSTEM "logger.dtd">
<log>
<record>
  <date>2021-10-19T14:59:58</date>
  <millis>1634669998489</millis>
  <sequence>2</sequence>
  <logger>Kirkland</logger>
  <level>INFO</level>
  <class>Server.DRRSServer</class>
  <method>&lt;init&gt;</method>
  <thread>11</thread>
  <message>Kirkland Server created</message>
</record>
</log>
<?xml version="1.0" encoding="UTF-8" standalone="no"?>
<!DOCTYPE log SYSTEM "logger.dtd">
<log>
<record>
  <date>2021-10-27T13:17:47</date>
  <millis>1635355067910</millis>
  <sequence>2</sequence>
  <logger>Kirkland</logger>
  <level>INFO</level>
  <class>Server.DRRSServer</class>
  <method>&lt;init&gt;</method>
  <thread>11</thread>
  <message>Kirkland Server created</message>
</record>
</log>
<?xml version="1.0" encoding="UTF-8" standalone="no"?>
<!DOCTYPE log SYSTEM "logger.dtd">
<log>
<record>
  <date>2021-10-27T13:19:12</date>
  <millis>1635355152433</millis>
  <sequence>2</sequence>
  <logger>Kirkland</logger>
  <level>INFO</level>
  <class>Server.DRRSServer</class>
  <method>&lt;init&gt;</method>
  <thread>11</thread>
  <message>Kirkland Server created</message>
</record>
</log>
