<?xml version="1.0" encoding="UTF-8" standalone="no"?>
<!DOCTYPE log SYSTEM "logger.dtd">
<log>
<record>
  <date>2021-10-12T18:00:47</date>
  <millis>1634076047911</millis>
  <sequence>0</sequence>
  <logger>WESTMOUNT</logger>
  <level>INFO</level>
  <class>Server.DRRSServer</class>
  <method>&lt;init&gt;</method>
  <thread>1</thread>
  <message>WESTMOUNT Server created</message>
</record>
</log>
<?xml version="1.0" encoding="UTF-8" standalone="no"?>
<!DOCTYPE log SYSTEM "logger.dtd">
<log>
<record>
  <date>2021-10-12T18:01:40</date>
  <millis>1634076100247</millis>
  <sequence>0</sequence>
  <logger>WESTMOUNT</logger>
  <level>INFO</level>
  <class>Server.DRRSServer</class>
  <method>&lt;init&gt;</method>
  <thread>1</thread>
  <message>WESTMOUNT Server created</message>
</record>
</log>
<?xml version="1.0" encoding="UTF-8" standalone="no"?>
<!DOCTYPE log SYSTEM "logger.dtd">
<log>
<record>
  <date>2021-10-12T18:04:35</date>
  <millis>1634076275397</millis>
  <sequence>0</sequence>
  <logger>WESTMOUNT</logger>
  <level>INFO</level>
  <class>Server.DRRSServer</class>
  <method>&lt;init&gt;</method>
  <thread>1</thread>
  <message>WESTMOUNT Server created</message>
</record>
</log>
<?xml version="1.0" encoding="UTF-8" standalone="no"?>
<!DOCTYPE log SYSTEM "logger.dtd">
<log>
<record>
  <date>2021-10-12T18:05:00</date>
  <millis>1634076300676</millis>
  <sequence>0</sequence>
  <logger>WESTMOUNT</logger>
  <level>INFO</level>
  <class>Server.DRRSServer</class>
  <method>&lt;init&gt;</method>
  <thread>1</thread>
  <message>WESTMOUNT Server created</message>
</record>
</log>
<?xml version="1.0" encoding="UTF-8" standalone="no"?>
<!DOCTYPE log SYSTEM "logger.dtd">
<log>
<record>
  <date>2021-10-12T18:07:14</date>
  <millis>1634076434779</millis>
  <sequence>0</sequence>
  <logger>WESTMOUNT</logger>
  <level>INFO</level>
  <class>Server.DRRSServer</class>
  <method>&lt;init&gt;</method>
  <thread>1</thread>
  <message>WESTMOUNT Server created</message>
</record>
<record>
  <date>2021-10-12T18:07:31</date>
  <millis>1634076451664</millis>
  <sequence>1</sequence>
  <logger>WESTMOUNT</logger>
  <level>INFO</level>
  <class>Server.DRRSServer</class>
  <method>createRoom</method>
  <thread>13</thread>
  <message>Room creation: 001
	Date: 12/01/2021
	SUCCESS</message>
</record>
</log>
<?xml version="1.0" encoding="UTF-8" standalone="no"?>
<!DOCTYPE log SYSTEM "logger.dtd">
<log>
<record>
  <date>2021-10-12T19:48:00</date>
  <millis>1634082480925</millis>
  <sequence>0</sequence>
  <logger>Westmount</logger>
  <level>INFO</level>
  <class>Server.DRRSServer</class>
  <method>&lt;init&gt;</method>
  <thread>1</thread>
  <message>Westmount Server created</message>
</record>
<record>
  <date>2021-10-12T19:48:15</date>
  <millis>1634082495338</millis>
  <sequence>1</sequence>
  <logger>Westmount</logger>
  <level>INFO</level>
  <class>Server.DRRSServer</class>
  <method>createRoom</method>
  <thread>13</thread>
  <message>Room creation: 001
	Date: 12/01/2021
	SUCCESS</message>
</record>
</log>
<?xml version="1.0" encoding="UTF-8" standalone="no"?>
<!DOCTYPE log SYSTEM "logger.dtd">
<log>
<record>
  <date>2021-10-12T19:52:53</date>
  <millis>1634082773343</millis>
  <sequence>0</sequence>
  <logger>Westmount</logger>
  <level>INFO</level>
  <class>Server.DRRSServer</class>
  <method>&lt;init&gt;</method>
  <thread>1</thread>
  <message>Westmount Server created</message>
</record>
<record>
  <date>2021-10-12T19:53:16</date>
  <millis>1634082796983</millis>
  <sequence>3</sequence>
  <logger>Westmount</logger>
  <level>INFO</level>
  <class>Server.DRRSServer</class>
  <method>createRoom</method>
  <thread>13</thread>
  <message>Room creation: 001
	Date: 12/01/2021
	SUCCESS</message>
</record>
</log>
<?xml version="1.0" encoding="UTF-8" standalone="no"?>
<!DOCTYPE log SYSTEM "logger.dtd">
<log>
<record>
  <date>2021-10-12T20:02:15</date>
  <millis>1634083335991</millis>
  <sequence>0</sequence>
  <logger>Westmount</logger>
  <level>INFO</level>
  <class>Server.DRRSServer</class>
  <method>&lt;init&gt;</method>
  <thread>1</thread>
  <message>Westmount Server created</message>
</record>
</log>
<?xml version="1.0" encoding="UTF-8" standalone="no"?>
<!DOCTYPE log SYSTEM "logger.dtd">
<log>
<record>
  <date>2021-10-12T20:03:08</date>
  <millis>1634083388615</millis>
  <sequence>0</sequence>
  <logger>Westmount</logger>
  <level>INFO</level>
  <class>Server.DRRSServer</class>
  <method>&lt;init&gt;</method>
  <thread>1</thread>
  <message>Westmount Server created</message>
</record>
</log>
<?xml version="1.0" encoding="UTF-8" standalone="no"?>
<!DOCTYPE log SYSTEM "logger.dtd">
<log>
<record>
  <date>2021-10-12T21:21:02</date>
  <millis>1634088062289</millis>
  <sequence>0</sequence>
  <logger>Westmount</logger>
  <level>INFO</level>
  <class>Server.DRRSServer</class>
  <method>&lt;init&gt;</method>
  <thread>1</thread>
  <message>Westmount Server created</message>
</record>
</log>
<?xml version="1.0" encoding="UTF-8" standalone="no"?>
<!DOCTYPE log SYSTEM "logger.dtd">
<log>
<record>
  <date>2021-10-12T21:23:17</date>
  <millis>1634088197664</millis>
  <sequence>0</sequence>
  <logger>Westmount</logger>
  <level>INFO</level>
  <class>Server.DRRSServer</class>
  <method>&lt;init&gt;</method>
  <thread>1</thread>
  <message>Westmount Server created</message>
</record>
</log>
<?xml version="1.0" encoding="UTF-8" standalone="no"?>
<!DOCTYPE log SYSTEM "logger.dtd">
<log>
<record>
  <date>2021-10-12T21:28:38</date>
  <millis>1634088518390</millis>
  <sequence>0</sequence>
  <logger>Westmount</logger>
  <level>INFO</level>
  <class>Server.DRRSServer</class>
  <method>&lt;init&gt;</method>
  <thread>1</thread>
  <message>Westmount Server created</message>
</record>
</log>
<?xml version="1.0" encoding="UTF-8" standalone="no"?>
<!DOCTYPE log SYSTEM "logger.dtd">
<log>
<record>
  <date>2021-10-17T15:43:27</date>
  <millis>1634499807730</millis>
  <sequence>0</sequence>
  <logger>Westmount</logger>
  <level>INFO</level>
  <class>Server.DRRSServer</class>
  <method>&lt;init&gt;</method>
  <thread>1</thread>
  <message>Westmount Server created</message>
</record>
</log>
<?xml version="1.0" encoding="UTF-8" standalone="no"?>
<!DOCTYPE log SYSTEM "logger.dtd">
<log>
<record>
  <date>2021-10-17T15:44:22</date>
  <millis>1634499862454</millis>
  <sequence>0</sequence>
  <logger>Westmount</logger>
  <level>INFO</level>
  <class>Server.DRRSServer</class>
  <method>&lt;init&gt;</method>
  <thread>1</thread>
  <message>Westmount Server created</message>
</record>
</log>
<?xml version="1.0" encoding="UTF-8" standalone="no"?>
<!DOCTYPE log SYSTEM "logger.dtd">
<log>
<record>
  <date>2021-10-17T15:53:00</date>
  <millis>1634500380335</millis>
  <sequence>0</sequence>
  <logger>Westmount</logger>
  <level>INFO</level>
  <class>Server.DRRSServer</class>
  <method>&lt;init&gt;</method>
  <thread>1</thread>
  <message>Westmount Server created</message>
</record>
</log>
<?xml version="1.0" encoding="UTF-8" standalone="no"?>
<!DOCTYPE log SYSTEM "logger.dtd">
<log>
<record>
  <date>2021-10-17T15:54:12</date>
  <millis>1634500452997</millis>
  <sequence>0</sequence>
  <logger>Westmount</logger>
  <level>INFO</level>
  <class>Server.DRRSServer</class>
  <method>&lt;init&gt;</method>
  <thread>1</thread>
  <message>Westmount Server created</message>
</record>
</log>
<?xml version="1.0" encoding="UTF-8" standalone="no"?>
<!DOCTYPE log SYSTEM "logger.dtd">
<log>
<record>
  <date>2021-10-17T16:22:25</date>
  <millis>1634502145128</millis>
  <sequence>0</sequence>
  <logger>Westmount</logger>
  <level>INFO</level>
  <class>Server.DRRSServer</class>
  <method>&lt;init&gt;</method>
  <thread>1</thread>
  <message>Westmount Server created</message>
</record>
</log>
<?xml version="1.0" encoding="UTF-8" standalone="no"?>
<!DOCTYPE log SYSTEM "logger.dtd">
<log>
<record>
  <date>2021-10-17T16:23:12</date>
  <millis>1634502192521</millis>
  <sequence>0</sequence>
  <logger>Westmount</logger>
  <level>INFO</level>
  <class>Server.DRRSServer</class>
  <method>&lt;init&gt;</method>
  <thread>1</thread>
  <message>Westmount Server created</message>
</record>
</log>
<?xml version="1.0" encoding="UTF-8" standalone="no"?>
<!DOCTYPE log SYSTEM "logger.dtd">
<log>
<record>
  <date>2021-10-17T16:27:33</date>
  <millis>1634502453724</millis>
  <sequence>0</sequence>
  <logger>Westmount</logger>
  <level>INFO</level>
  <class>Server.DRRSServer</class>
  <method>&lt;init&gt;</method>
  <thread>1</thread>
  <message>Westmount Server created</message>
</record>
</log>
<?xml version="1.0" encoding="UTF-8" standalone="no"?>
<!DOCTYPE log SYSTEM "logger.dtd">
<log>
<record>
  <date>2021-10-17T16:28:39</date>
  <millis>1634502519654</millis>
  <sequence>0</sequence>
  <logger>Westmount</logger>
  <level>INFO</level>
  <class>Server.DRRSServer</class>
  <method>&lt;init&gt;</method>
  <thread>1</thread>
  <message>Westmount Server created</message>
</record>
</log>
<?xml version="1.0" encoding="UTF-8" standalone="no"?>
<!DOCTYPE log SYSTEM "logger.dtd">
<log>
<record>
  <date>2021-10-17T16:30:48</date>
  <millis>1634502648980</millis>
  <sequence>0</sequence>
  <logger>Westmount</logger>
  <level>INFO</level>
  <class>Server.DRRSServer</class>
  <method>&lt;init&gt;</method>
  <thread>1</thread>
  <message>Westmount Server created</message>
</record>
</log>
<?xml version="1.0" encoding="UTF-8" standalone="no"?>
<!DOCTYPE log SYSTEM "logger.dtd">
<log>
<record>
  <date>2021-10-17T16:34:17</date>
  <millis>1634502857897</millis>
  <sequence>0</sequence>
  <logger>Westmount</logger>
  <level>INFO</level>
  <class>Server.DRRSServer</class>
  <method>&lt;init&gt;</method>
  <thread>1</thread>
  <message>Westmount Server created</message>
</record>
</log>
<?xml version="1.0" encoding="UTF-8" standalone="no"?>
<!DOCTYPE log SYSTEM "logger.dtd">
<log>
<record>
  <date>2021-10-17T16:40:41</date>
  <millis>1634503241241</millis>
  <sequence>0</sequence>
  <logger>Westmount</logger>
  <level>INFO</level>
  <class>Server.DRRSServer</class>
  <method>&lt;init&gt;</method>
  <thread>1</thread>
  <message>Westmount Server created</message>
</record>
</log>
<?xml version="1.0" encoding="UTF-8" standalone="no"?>
<!DOCTYPE log SYSTEM "logger.dtd">
<log>
<record>
  <date>2021-10-17T21:27:49</date>
  <millis>1634520469606</millis>
  <sequence>0</sequence>
  <logger>Westmount</logger>
  <level>INFO</level>
  <class>Server.DRRSServer</class>
  <method>&lt;init&gt;</method>
  <thread>1</thread>
  <message>Westmount Server created</message>
</record>
</log>
<?xml version="1.0" encoding="UTF-8" standalone="no"?>
<!DOCTYPE log SYSTEM "logger.dtd">
<log>
<record>
  <date>2021-10-17T21:28:24</date>
  <millis>1634520504454</millis>
  <sequence>0</sequence>
  <logger>Westmount</logger>
  <level>INFO</level>
  <class>Server.DRRSServer</class>
  <method>&lt;init&gt;</method>
  <thread>1</thread>
  <message>Westmount Server created</message>
</record>
</log>
<?xml version="1.0" encoding="UTF-8" standalone="no"?>
<!DOCTYPE log SYSTEM "logger.dtd">
<log>
<record>
  <date>2021-10-17T21:28:34</date>
  <millis>1634520514766</millis>
  <sequence>0</sequence>
  <logger>Westmount</logger>
  <level>INFO</level>
  <class>Server.DRRSServer</class>
  <method>&lt;init&gt;</method>
  <thread>1</thread>
  <message>Westmount Server created</message>
</record>
</log>
<?xml version="1.0" encoding="UTF-8" standalone="no"?>
<!DOCTYPE log SYSTEM "logger.dtd">
<log>
<record>
  <date>2021-10-17T21:30:22</date>
  <millis>1634520622908</millis>
  <sequence>0</sequence>
  <logger>Westmount</logger>
  <level>INFO</level>
  <class>Server.DRRSServer</class>
  <method>&lt;init&gt;</method>
  <thread>1</thread>
  <message>Westmount Server created</message>
</record>
</log>
<?xml version="1.0" encoding="UTF-8" standalone="no"?>
<!DOCTYPE log SYSTEM "logger.dtd">
<log>
<record>
  <date>2021-10-17T21:39:16</date>
  <millis>1634521156845</millis>
  <sequence>0</sequence>
  <logger>Westmount</logger>
  <level>INFO</level>
  <class>Server.DRRSServer</class>
  <method>&lt;init&gt;</method>
  <thread>1</thread>
  <message>Westmount Server created</message>
</record>
</log>
<?xml version="1.0" encoding="UTF-8" standalone="no"?>
<!DOCTYPE log SYSTEM "logger.dtd">
<log>
<record>
  <date>2021-10-17T21:39:37</date>
  <millis>1634521177431</millis>
  <sequence>0</sequence>
  <logger>Westmount</logger>
  <level>INFO</level>
  <class>Server.DRRSServer</class>
  <method>&lt;init&gt;</method>
  <thread>1</thread>
  <message>Westmount Server created</message>
</record>
</log>
<?xml version="1.0" encoding="UTF-8" standalone="no"?>
<!DOCTYPE log SYSTEM "logger.dtd">
<log>
<record>
  <date>2021-10-17T21:49:08</date>
  <millis>1634521748583</millis>
  <sequence>0</sequence>
  <logger>Westmount</logger>
  <level>INFO</level>
  <class>Server.DRRSServer</class>
  <method>&lt;init&gt;</method>
  <thread>1</thread>
  <message>Westmount Server created</message>
</record>
</log>
<?xml version="1.0" encoding="UTF-8" standalone="no"?>
<!DOCTYPE log SYSTEM "logger.dtd">
<log>
<record>
  <date>2021-10-17T21:49:48</date>
  <millis>1634521788845</millis>
  <sequence>0</sequence>
  <logger>Westmount</logger>
  <level>INFO</level>
  <class>Server.DRRSServer</class>
  <method>&lt;init&gt;</method>
  <thread>1</thread>
  <message>Westmount Server created</message>
</record>
</log>
<?xml version="1.0" encoding="UTF-8" standalone="no"?>
<!DOCTYPE log SYSTEM "logger.dtd">
<log>
<record>
  <date>2021-10-17T22:13:48</date>
  <millis>1634523228275</millis>
  <sequence>0</sequence>
  <logger>Westmount</logger>
  <level>INFO</level>
  <class>Server.DRRSServer</class>
  <method>&lt;init&gt;</method>
  <thread>1</thread>
  <message>Westmount Server created</message>
</record>
</log>
<?xml version="1.0" encoding="UTF-8" standalone="no"?>
<!DOCTYPE log SYSTEM "logger.dtd">
<log>
<record>
  <date>2021-10-17T22:42:05</date>
  <millis>1634524925432</millis>
  <sequence>0</sequence>
  <logger>Westmount</logger>
  <level>INFO</level>
  <class>Server.DRRSServer</class>
  <method>&lt;init&gt;</method>
  <thread>11</thread>
  <message>Westmount Server created</message>
</record>
</log>
<?xml version="1.0" encoding="UTF-8" standalone="no"?>
<!DOCTYPE log SYSTEM "logger.dtd">
<log>
<record>
  <date>2021-10-19T00:21:41</date>
  <millis>1634617301978</millis>
  <sequence>0</sequence>
  <logger>Westmount</logger>
  <level>INFO</level>
  <class>Server.DRRSServer</class>
  <method>&lt;init&gt;</method>
  <thread>11</thread>
  <message>Westmount Server created</message>
</record>
</log>
<?xml version="1.0" encoding="UTF-8" standalone="no"?>
<!DOCTYPE log SYSTEM "logger.dtd">
<log>
<record>
  <date>2021-10-19T00:21:56</date>
  <millis>1634617316590</millis>
  <sequence>0</sequence>
  <logger>Westmount</logger>
  <level>INFO</level>
  <class>Server.DRRSServer</class>
  <method>&lt;init&gt;</method>
  <thread>11</thread>
  <message>Westmount Server created</message>
</record>
</log>
<?xml version="1.0" encoding="UTF-8" standalone="no"?>
<!DOCTYPE log SYSTEM "logger.dtd">
<log>
<record>
  <date>2021-10-19T00:28:05</date>
  <millis>1634617685362</millis>
  <sequence>0</sequence>
  <logger>Westmount</logger>
  <level>INFO</level>
  <class>Server.DRRSServer</class>
  <method>&lt;init&gt;</method>
  <thread>11</thread>
  <message>Westmount Server created</message>
</record>
</log>
<?xml version="1.0" encoding="UTF-8" standalone="no"?>
<!DOCTYPE log SYSTEM "logger.dtd">
<log>
<record>
  <date>2021-10-19T00:29:48</date>
  <millis>1634617788665</millis>
  <sequence>0</sequence>
  <logger>Westmount</logger>
  <level>INFO</level>
  <class>Server.DRRSServer</class>
  <method>&lt;init&gt;</method>
  <thread>11</thread>
  <message>Westmount Server created</message>
</record>
</log>
<?xml version="1.0" encoding="UTF-8" standalone="no"?>
<!DOCTYPE log SYSTEM "logger.dtd">
<log>
<record>
  <date>2021-10-19T00:34:37</date>
  <millis>1634618077934</millis>
  <sequence>0</sequence>
  <logger>Westmount</logger>
  <level>INFO</level>
  <class>Server.DRRSServer</class>
  <method>&lt;init&gt;</method>
  <thread>11</thread>
  <message>Westmount Server created</message>
</record>
</log>
<?xml version="1.0" encoding="UTF-8" standalone="no"?>
<!DOCTYPE log SYSTEM "logger.dtd">
<log>
<record>
  <date>2021-10-19T00:36:19</date>
  <millis>1634618179872</millis>
  <sequence>0</sequence>
  <logger>Westmount</logger>
  <level>INFO</level>
  <class>Server.DRRSServer</class>
  <method>&lt;init&gt;</method>
  <thread>11</thread>
  <message>Westmount Server created</message>
</record>
</log>
<?xml version="1.0" encoding="UTF-8" standalone="no"?>
<!DOCTYPE log SYSTEM "logger.dtd">
<log>
<record>
  <date>2021-10-19T00:39:22</date>
  <millis>1634618362639</millis>
  <sequence>0</sequence>
  <logger>Westmount</logger>
  <level>INFO</level>
  <class>Server.DRRSServer</class>
  <method>&lt;init&gt;</method>
  <thread>11</thread>
  <message>Westmount Server created</message>
</record>
</log>
<?xml version="1.0" encoding="UTF-8" standalone="no"?>
<!DOCTYPE log SYSTEM "logger.dtd">
<log>
<record>
  <date>2021-10-19T00:40:30</date>
  <millis>1634618430741</millis>
  <sequence>0</sequence>
  <logger>Westmount</logger>
  <level>INFO</level>
  <class>Server.DRRSServer</class>
  <method>&lt;init&gt;</method>
  <thread>11</thread>
  <message>Westmount Server created</message>
</record>
</log>
<?xml version="1.0" encoding="UTF-8" standalone="no"?>
<!DOCTYPE log SYSTEM "logger.dtd">
<log>
<record>
  <date>2021-10-19T00:41:24</date>
  <millis>1634618484039</millis>
  <sequence>0</sequence>
  <logger>Westmount</logger>
  <level>INFO</level>
  <class>Server.DRRSServer</class>
  <method>&lt;init&gt;</method>
  <thread>11</thread>
  <message>Westmount Server created</message>
</record>
</log>
<?xml version="1.0" encoding="UTF-8" standalone="no"?>
<!DOCTYPE log SYSTEM "logger.dtd">
<log>
<record>
  <date>2021-10-19T00:47:15</date>
  <millis>1634618835493</millis>
  <sequence>0</sequence>
  <logger>Westmount</logger>
  <level>INFO</level>
  <class>Server.DRRSServer</class>
  <method>&lt;init&gt;</method>
  <thread>11</thread>
  <message>Westmount Server created</message>
</record>
</log>
<?xml version="1.0" encoding="UTF-8" standalone="no"?>
<!DOCTYPE log SYSTEM "logger.dtd">
<log>
<record>
  <date>2021-10-19T14:29:18</date>
  <millis>1634668158068</millis>
  <sequence>0</sequence>
  <logger>Westmount</logger>
  <level>INFO</level>
  <class>Server.DRRSServer</class>
  <method>&lt;init&gt;</method>
  <thread>11</thread>
  <message>Westmount Server created</message>
</record>
</log>
<?xml version="1.0" encoding="UTF-8" standalone="no"?>
<!DOCTYPE log SYSTEM "logger.dtd">
<log>
<record>
  <date>2021-10-19T14:34:07</date>
  <millis>1634668447208</millis>
  <sequence>0</sequence>
  <logger>Westmount</logger>
  <level>INFO</level>
  <class>Server.DRRSServer</class>
  <method>&lt;init&gt;</method>
  <thread>11</thread>
  <message>Westmount Server created</message>
</record>
</log>
<?xml version="1.0" encoding="UTF-8" standalone="no"?>
<!DOCTYPE log SYSTEM "logger.dtd">
<log>
<record>
  <date>2021-10-19T14:39:20</date>
  <millis>1634668760120</millis>
  <sequence>0</sequence>
  <logger>Westmount</logger>
  <level>INFO</level>
  <class>Server.DRRSServer</class>
  <method>&lt;init&gt;</method>
  <thread>11</thread>
  <message>Westmount Server created</message>
</record>
</log>
<?xml version="1.0" encoding="UTF-8" standalone="no"?>
<!DOCTYPE log SYSTEM "logger.dtd">
<log>
<record>
  <date>2021-10-19T14:41:40</date>
  <millis>1634668900554</millis>
  <sequence>0</sequence>
  <logger>Westmount</logger>
  <level>INFO</level>
  <class>Server.DRRSServer</class>
  <method>&lt;init&gt;</method>
  <thread>11</thread>
  <message>Westmount Server created</message>
</record>
</log>
<?xml version="1.0" encoding="UTF-8" standalone="no"?>
<!DOCTYPE log SYSTEM "logger.dtd">
<log>
<record>
  <date>2021-10-19T14:47:24</date>
  <millis>1634669244432</millis>
  <sequence>0</sequence>
  <logger>Westmount</logger>
  <level>INFO</level>
  <class>Server.DRRSServer</class>
  <method>&lt;init&gt;</method>
  <thread>11</thread>
  <message>Westmount Server created</message>
</record>
</log>
<?xml version="1.0" encoding="UTF-8" standalone="no"?>
<!DOCTYPE log SYSTEM "logger.dtd">
<log>
<record>
  <date>2021-10-19T14:59:58</date>
  <millis>1634669998483</millis>
  <sequence>0</sequence>
  <logger>Westmount</logger>
  <level>INFO</level>
  <class>Server.DRRSServer</class>
  <method>&lt;init&gt;</method>
  <thread>11</thread>
  <message>Westmount Server created</message>
</record>
</log>
<?xml version="1.0" encoding="UTF-8" standalone="no"?>
<!DOCTYPE log SYSTEM "logger.dtd">
<log>
<record>
  <date>2021-10-27T13:17:47</date>
  <millis>1635355067902</millis>
  <sequence>0</sequence>
  <logger>Westmount</logger>
  <level>INFO</level>
  <class>Server.DRRSServer</class>
  <method>&lt;init&gt;</method>
  <thread>11</thread>
  <message>Westmount Server created</message>
</record>
</log>
<?xml version="1.0" encoding="UTF-8" standalone="no"?>
<!DOCTYPE log SYSTEM "logger.dtd">
<log>
<record>
  <date>2021-10-27T13:19:12</date>
  <millis>1635355152415</millis>
  <sequence>0</sequence>
  <logger>Westmount</logger>
  <level>INFO</level>
  <class>Server.DRRSServer</class>
  <method>&lt;init&gt;</method>
  <thread>11</thread>
  <message>Westmount Server created</message>
</record>
</log>
