<?xml version="1.0" encoding="UTF-8" standalone="no"?>
<!DOCTYPE log SYSTEM "logger.dtd">
<log>
<record>
  <date>2021-10-27T13:19:57</date>
  <millis>1635355197749</millis>
  <sequence>0</sequence>
  <logger>DVLS1234</logger>
  <level>INFO</level>
  <class>Client.StudentOperations</class>
  <method>bookRoom</method>
  <thread>1</thread>
  <message>Room booked: 001
	Campus: dorval
	Date: 12/01/2021</message>
</record>
<record>
  <date>2021-10-27T13:20:13</date>
  <millis>1635355213508</millis>
  <sequence>1</sequence>
  <logger>DVLS1234</logger>
  <level>INFO</level>
  <class>Client.StudentOperations</class>
  <method>changeReservation</method>
  <thread>1</thread>
  <message>Room booked: 001
	Campus: dorval
	Date: 12/01/2021</message>
</record>
</log>
