<?xml version="1.0" encoding="UTF-8" standalone="no"?>
<!DOCTYPE log SYSTEM "logger.dtd">
<log>
<record>
  <date>2021-10-27T13:19:25</date>
  <millis>1635355165285</millis>
  <sequence>0</sequence>
  <logger>DVLA1234</logger>
  <level>INFO</level>
  <class>Client.AdminOperations</class>
  <method>createRoomFromFile</method>
  <thread>1</thread>
  <message>Room creation: 001
	Date: 12/01/2021
	Admin ID: DVLA1234</message>
</record>
<record>
  <date>2021-10-27T13:19:25</date>
  <millis>1635355165291</millis>
  <sequence>1</sequence>
  <logger>DVLA1234</logger>
  <level>INFO</level>
  <class>Client.AdminOperations</class>
  <method>createRoomFromFile</method>
  <thread>1</thread>
  <message>Room creation: 002
	Date: 12/01/2021
	Admin ID: DVLA1234</message>
</record>
<record>
  <date>2021-10-27T13:19:25</date>
  <millis>1635355165293</millis>
  <sequence>2</sequence>
  <logger>DVLA1234</logger>
  <level>INFO</level>
  <class>Client.AdminOperations</class>
  <method>createRoomFromFile</method>
  <thread>1</thread>
  <message>Room creation: 003
	Date: 12/01/2021
	Admin ID: DVLA1234</message>
</record>
<record>
  <date>2021-10-27T13:19:25</date>
  <millis>1635355165296</millis>
  <sequence>3</sequence>
  <logger>DVLA1234</logger>
  <level>INFO</level>
  <class>Client.AdminOperations</class>
  <method>createRoomFromFile</method>
  <thread>1</thread>
  <message>Room creation: 001
	Date: 12/02/2021
	Admin ID: DVLA1234</message>
</record>
<record>
  <date>2021-10-27T13:19:25</date>
  <millis>1635355165298</millis>
  <sequence>4</sequence>
  <logger>DVLA1234</logger>
  <level>INFO</level>
  <class>Client.AdminOperations</class>
  <method>createRoomFromFile</method>
  <thread>1</thread>
  <message>Room creation: 002
	Date: 12/02/2021
	Admin ID: DVLA1234</message>
</record>
<record>
  <date>2021-10-27T13:19:25</date>
  <millis>1635355165300</millis>
  <sequence>5</sequence>
  <logger>DVLA1234</logger>
  <level>INFO</level>
  <class>Client.AdminOperations</class>
  <method>createRoomFromFile</method>
  <thread>1</thread>
  <message>Room creation: 003
	Date: 12/02/2021
	Admin ID: DVLA1234</message>
</record>
<record>
  <date>2021-10-27T13:19:25</date>
  <millis>1635355165302</millis>
  <sequence>6</sequence>
  <logger>DVLA1234</logger>
  <level>INFO</level>
  <class>Client.AdminOperations</class>
  <method>createRoomFromFile</method>
  <thread>1</thread>
  <message>Room creation: 001
	Date: 12/03/2021
	Admin ID: DVLA1234</message>
</record>
<record>
  <date>2021-10-27T13:19:25</date>
  <millis>1635355165304</millis>
  <sequence>7</sequence>
  <logger>DVLA1234</logger>
  <level>INFO</level>
  <class>Client.AdminOperations</class>
  <method>createRoomFromFile</method>
  <thread>1</thread>
  <message>Room creation: 002
	Date: 12/03/2021
	Admin ID: DVLA1234</message>
</record>
<record>
  <date>2021-10-27T13:19:25</date>
  <millis>1635355165306</millis>
  <sequence>8</sequence>
  <logger>DVLA1234</logger>
  <level>INFO</level>
  <class>Client.AdminOperations</class>
  <method>createRoomFromFile</method>
  <thread>1</thread>
  <message>Room creation: 003
	Date: 12/03/2021
	Admin ID: DVLA1234</message>
</record>
</log>
